<?xml version="1.0" encoding="UTF-8"?>
<!-- Generated by org.testng.reporters.JUnitReportReporter -->
<testsuite hostname="DESKTOP-G21F3L9" failures="0" tests="1" name="com.google.FirstTest" time="16.757" errors="0" timestamp="13 feb. 2022 04:21:28 GMT" skipped="0">
  <testcase classname="com.google.FirstTest" name="googleTest" time="16.757"/>
</testsuite> <!-- com.google.FirstTest -->
